2025-05-21T21:40:41.577-03:00  INFO 10612 --- [desafio-picpay-backend] [main] i.g.a.d.DesafioPicpayBackendApplication  : Starting DesafioPicpayBackendApplication using Java 23.0.2 with PID 10612 (C:\Users\ghost\Desktop\desafio-picpay-backend\target\classes started by ghost in C:\Users\ghost\Desktop\desafio-picpay-backend)
2025-05-21T21:40:41.583-03:00  INFO 10612 --- [desafio-picpay-backend] [main] i.g.a.d.DesafioPicpayBackendApplication  : No active profile set, falling back to 1 default profile: "default"
2025-05-21T21:40:43.386-03:00  INFO 10612 --- [desafio-picpay-backend] [main] .s.d.r.c.RepositoryConfigurationDelegate : Bootstrapping Spring Data JPA repositories in DEFAULT mode.
2025-05-21T21:40:43.452-03:00  INFO 10612 --- [desafio-picpay-backend] [main] .s.d.r.c.RepositoryConfigurationDelegate : Finished Spring Data repository scanning in 57 ms. Found 3 JPA repository interfaces.
2025-05-21T21:40:44.722-03:00  INFO 10612 --- [desafio-picpay-backend] [main] o.s.b.w.embedded.tomcat.TomcatWebServer  : Tomcat initialized with port 8080 (http)
2025-05-21T21:40:44.744-03:00  INFO 10612 --- [desafio-picpay-backend] [main] o.apache.catalina.core.StandardService   : Starting service [Tomcat]
2025-05-21T21:40:44.745-03:00  INFO 10612 --- [desafio-picpay-backend] [main] o.apache.catalina.core.StandardEngine    : Starting Servlet engine: [Apache Tomcat/10.1.40]
2025-05-21T21:40:44.823-03:00  INFO 10612 --- [desafio-picpay-backend] [main] o.a.c.c.C.[Tomcat].[localhost].[/]       : Initializing Spring embedded WebApplicationContext
2025-05-21T21:40:44.823-03:00  INFO 10612 --- [desafio-picpay-backend] [main] w.s.c.ServletWebServerApplicationContext : Root WebApplicationContext: initialization completed in 3162 ms
2025-05-21T21:40:45.179-03:00  INFO 10612 --- [desafio-picpay-backend] [main] o.hibernate.jpa.internal.util.LogHelper  : HHH000204: Processing PersistenceUnitInfo [name: default]
2025-05-21T21:40:45.267-03:00  INFO 10612 --- [desafio-picpay-backend] [main] org.hibernate.Version                    : HHH000412: Hibernate ORM core version 6.6.13.Final
2025-05-21T21:40:45.314-03:00  INFO 10612 --- [desafio-picpay-backend] [main] o.h.c.internal.RegionFactoryInitiator    : HHH000026: Second-level cache disabled
2025-05-21T21:40:45.695-03:00  INFO 10612 --- [desafio-picpay-backend] [main] o.s.o.j.p.SpringPersistenceUnitInfo      : No LoadTimeWeaver setup: ignoring JPA class transformer
2025-05-21T21:40:45.741-03:00  INFO 10612 --- [desafio-picpay-backend] [main] com.zaxxer.hikari.HikariDataSource       : HikariPool-1 - Starting...
2025-05-21T21:40:45.966-03:00  INFO 10612 --- [desafio-picpay-backend] [main] com.zaxxer.hikari.pool.HikariPool        : HikariPool-1 - Added connection conn0: url=jdbc:h2:mem:devdb user=SA
2025-05-21T21:40:45.969-03:00  INFO 10612 --- [desafio-picpay-backend] [main] com.zaxxer.hikari.HikariDataSource       : HikariPool-1 - Start completed.
2025-05-21T21:40:46.010-03:00  WARN 10612 --- [desafio-picpay-backend] [main] org.hibernate.orm.deprecation            : HHH90000025: H2Dialect does not need to be specified explicitly using 'hibernate.dialect' (remove the property setting and it will be selected by default)
2025-05-21T21:40:46.036-03:00  INFO 10612 --- [desafio-picpay-backend] [main] org.hibernate.orm.connections.pooling    : HHH10001005: Database info:
	Database JDBC URL [Connecting through datasource 'HikariDataSource (HikariPool-1)']
	Database driver: undefined/unknown
	Database version: 2.3.232
	Autocommit mode: undefined/unknown
	Isolation level: undefined/unknown
	Minimum pool size: undefined/unknown
	Maximum pool size: undefined/unknown
2025-05-21T21:40:47.352-03:00  INFO 10612 --- [desafio-picpay-backend] [main] o.h.m.i.EntityInstantiatorPojoStandard   : HHH000182: No default (no-argument) constructor for class: io.github.alancavalcante_dev.desafio_picpay_backend.domain.Transaction (class must be instantiated by Interceptor)
2025-05-21T21:40:47.413-03:00  INFO 10612 --- [desafio-picpay-backend] [main] o.h.m.i.EntityInstantiatorPojoStandard   : HHH000182: No default (no-argument) constructor for class: io.github.alancavalcante_dev.desafio_picpay_backend.service.TransactionNotificationError (class must be instantiated by Interceptor)
2025-05-21T21:40:47.586-03:00  INFO 10612 --- [desafio-picpay-backend] [main] o.h.e.t.j.p.i.JtaPlatformInitiator       : HHH000489: No JTA platform available (set 'hibernate.transaction.jta.platform' to enable JTA platform integration)
2025-05-21T21:40:47.670-03:00  INFO 10612 --- [desafio-picpay-backend] [main] j.LocalContainerEntityManagerFactoryBean : Initialized JPA EntityManagerFactory for persistence unit 'default'
2025-05-21T21:40:48.580-03:00  WARN 10612 --- [desafio-picpay-backend] [main] JpaBaseConfiguration$JpaWebConfiguration : spring.jpa.open-in-view is enabled by default. Therefore, database queries may be performed during view rendering. Explicitly configure spring.jpa.open-in-view to disable this warning
2025-05-21T21:40:49.515-03:00  INFO 10612 --- [desafio-picpay-backend] [main] o.s.b.a.h2.H2ConsoleAutoConfiguration    : H2 console available at '/h2-console'. Database available at 'jdbc:h2:mem:devdb'
2025-05-21T21:40:49.625-03:00  INFO 10612 --- [desafio-picpay-backend] [main] o.s.b.w.embedded.tomcat.TomcatWebServer  : Tomcat started on port 8080 (http) with context path '/'
2025-05-21T21:40:49.702-03:00  INFO 10612 --- [desafio-picpay-backend] [main] o.s.b.w.embedded.tomcat.TomcatWebServer  : Tomcat initialized with port 9090 (http)
2025-05-21T21:40:49.704-03:00  INFO 10612 --- [desafio-picpay-backend] [main] o.apache.catalina.core.StandardService   : Starting service [Tomcat]
2025-05-21T21:40:49.704-03:00  INFO 10612 --- [desafio-picpay-backend] [main] o.apache.catalina.core.StandardEngine    : Starting Servlet engine: [Apache Tomcat/10.1.40]
2025-05-21T21:40:49.734-03:00  INFO 10612 --- [desafio-picpay-backend] [main] o.a.c.c.C.[Tomcat-1].[localhost].[/]     : Initializing Spring embedded WebApplicationContext
2025-05-21T21:40:49.735-03:00  INFO 10612 --- [desafio-picpay-backend] [main] w.s.c.ServletWebServerApplicationContext : Root WebApplicationContext: initialization completed in 106 ms
2025-05-21T21:40:49.755-03:00  INFO 10612 --- [desafio-picpay-backend] [main] o.s.b.a.e.web.EndpointLinksResolver      : Exposing 15 endpoints beneath base path '/actuator'
2025-05-21T21:40:49.809-03:00  INFO 10612 --- [desafio-picpay-backend] [main] o.s.b.w.embedded.tomcat.TomcatWebServer  : Tomcat started on port 9090 (http) with context path '/'
2025-05-21T21:40:49.822-03:00  INFO 10612 --- [desafio-picpay-backend] [main] i.g.a.d.DesafioPicpayBackendApplication  : Started DesafioPicpayBackendApplication in 8.866 seconds (process running for 14.562)
2025-05-21T21:45:02.407-03:00  INFO 10612 --- [desafio-picpay-backend] [SpringApplicationShutdownHook] o.s.b.w.e.tomcat.GracefulShutdown        : Commencing graceful shutdown. Waiting for active requests to complete
2025-05-21T21:45:02.419-03:00  INFO 10612 --- [desafio-picpay-backend] [tomcat-shutdown] o.s.b.w.e.tomcat.GracefulShutdown        : Graceful shutdown complete
2025-05-21T21:45:02.420-03:00  INFO 10612 --- [desafio-picpay-backend] [SpringApplicationShutdownHook] o.s.b.w.e.tomcat.GracefulShutdown        : Commencing graceful shutdown. Waiting for active requests to complete
2025-05-21T21:45:02.425-03:00  INFO 10612 --- [desafio-picpay-backend] [tomcat-shutdown] o.s.b.w.e.tomcat.GracefulShutdown        : Graceful shutdown complete
2025-05-21T21:45:02.442-03:00  INFO 10612 --- [desafio-picpay-backend] [SpringApplicationShutdownHook] j.LocalContainerEntityManagerFactoryBean : Closing JPA EntityManagerFactory for persistence unit 'default'
2025-05-21T21:45:02.445-03:00  INFO 10612 --- [desafio-picpay-backend] [SpringApplicationShutdownHook] com.zaxxer.hikari.HikariDataSource       : HikariPool-1 - Shutdown initiated...
2025-05-21T21:45:02.447-03:00  INFO 10612 --- [desafio-picpay-backend] [SpringApplicationShutdownHook] com.zaxxer.hikari.HikariDataSource       : HikariPool-1 - Shutdown completed.
2025-05-21T21:57:06.245-03:00  INFO 8880 --- [desafio-picpay-backend] [main] i.g.a.d.DesafioPicpayBackendApplication  : Starting DesafioPicpayBackendApplication using Java 23.0.2 with PID 8880 (C:\Users\ghost\Desktop\desafio-picpay-backend\target\classes started by ghost in C:\Users\ghost\Desktop\desafio-picpay-backend)
2025-05-21T21:57:06.248-03:00  INFO 8880 --- [desafio-picpay-backend] [main] i.g.a.d.DesafioPicpayBackendApplication  : No active profile set, falling back to 1 default profile: "default"
2025-05-21T21:57:07.917-03:00  INFO 8880 --- [desafio-picpay-backend] [main] .s.d.r.c.RepositoryConfigurationDelegate : Bootstrapping Spring Data JPA repositories in DEFAULT mode.
2025-05-21T21:57:07.983-03:00  INFO 8880 --- [desafio-picpay-backend] [main] .s.d.r.c.RepositoryConfigurationDelegate : Finished Spring Data repository scanning in 55 ms. Found 3 JPA repository interfaces.
2025-05-21T21:57:08.844-03:00  INFO 8880 --- [desafio-picpay-backend] [main] o.s.b.w.embedded.tomcat.TomcatWebServer  : Tomcat initialized with port 8080 (http)
2025-05-21T21:57:08.860-03:00  INFO 8880 --- [desafio-picpay-backend] [main] o.apache.catalina.core.StandardService   : Starting service [Tomcat]
2025-05-21T21:57:08.861-03:00  INFO 8880 --- [desafio-picpay-backend] [main] o.apache.catalina.core.StandardEngine    : Starting Servlet engine: [Apache Tomcat/10.1.40]
2025-05-21T21:57:08.926-03:00  INFO 8880 --- [desafio-picpay-backend] [main] o.a.c.c.C.[Tomcat].[localhost].[/]       : Initializing Spring embedded WebApplicationContext
2025-05-21T21:57:08.927-03:00  INFO 8880 --- [desafio-picpay-backend] [main] w.s.c.ServletWebServerApplicationContext : Root WebApplicationContext: initialization completed in 2598 ms
2025-05-21T21:57:09.237-03:00  INFO 8880 --- [desafio-picpay-backend] [main] o.hibernate.jpa.internal.util.LogHelper  : HHH000204: Processing PersistenceUnitInfo [name: default]
2025-05-21T21:57:09.305-03:00  INFO 8880 --- [desafio-picpay-backend] [main] org.hibernate.Version                    : HHH000412: Hibernate ORM core version 6.6.13.Final
2025-05-21T21:57:09.342-03:00  INFO 8880 --- [desafio-picpay-backend] [main] o.h.c.internal.RegionFactoryInitiator    : HHH000026: Second-level cache disabled
2025-05-21T21:57:09.644-03:00  INFO 8880 --- [desafio-picpay-backend] [main] o.s.o.j.p.SpringPersistenceUnitInfo      : No LoadTimeWeaver setup: ignoring JPA class transformer
2025-05-21T21:57:09.675-03:00  INFO 8880 --- [desafio-picpay-backend] [main] com.zaxxer.hikari.HikariDataSource       : HikariPool-1 - Starting...
2025-05-21T21:57:09.871-03:00  INFO 8880 --- [desafio-picpay-backend] [main] com.zaxxer.hikari.pool.HikariPool        : HikariPool-1 - Added connection conn0: url=jdbc:h2:mem:devdb user=SA
2025-05-21T21:57:09.873-03:00  INFO 8880 --- [desafio-picpay-backend] [main] com.zaxxer.hikari.HikariDataSource       : HikariPool-1 - Start completed.
2025-05-21T21:57:09.903-03:00  WARN 8880 --- [desafio-picpay-backend] [main] org.hibernate.orm.deprecation            : HHH90000025: H2Dialect does not need to be specified explicitly using 'hibernate.dialect' (remove the property setting and it will be selected by default)
2025-05-21T21:57:09.930-03:00  INFO 8880 --- [desafio-picpay-backend] [main] org.hibernate.orm.connections.pooling    : HHH10001005: Database info:
	Database JDBC URL [Connecting through datasource 'HikariDataSource (HikariPool-1)']
	Database driver: undefined/unknown
	Database version: 2.3.232
	Autocommit mode: undefined/unknown
	Isolation level: undefined/unknown
	Minimum pool size: undefined/unknown
	Maximum pool size: undefined/unknown
2025-05-21T21:57:10.805-03:00  INFO 8880 --- [desafio-picpay-backend] [main] o.h.m.i.EntityInstantiatorPojoStandard   : HHH000182: No default (no-argument) constructor for class: io.github.alancavalcante_dev.desafio_picpay_backend.domain.Transaction (class must be instantiated by Interceptor)
2025-05-21T21:57:10.838-03:00  INFO 8880 --- [desafio-picpay-backend] [main] o.h.m.i.EntityInstantiatorPojoStandard   : HHH000182: No default (no-argument) constructor for class: io.github.alancavalcante_dev.desafio_picpay_backend.domain.TransactionNotificationError (class must be instantiated by Interceptor)
2025-05-21T21:57:11.008-03:00  INFO 8880 --- [desafio-picpay-backend] [main] o.h.e.t.j.p.i.JtaPlatformInitiator       : HHH000489: No JTA platform available (set 'hibernate.transaction.jta.platform' to enable JTA platform integration)
2025-05-21T21:57:11.080-03:00  INFO 8880 --- [desafio-picpay-backend] [main] j.LocalContainerEntityManagerFactoryBean : Initialized JPA EntityManagerFactory for persistence unit 'default'
2025-05-21T21:57:11.777-03:00  WARN 8880 --- [desafio-picpay-backend] [main] JpaBaseConfiguration$JpaWebConfiguration : spring.jpa.open-in-view is enabled by default. Therefore, database queries may be performed during view rendering. Explicitly configure spring.jpa.open-in-view to disable this warning
2025-05-21T21:57:12.684-03:00  INFO 8880 --- [desafio-picpay-backend] [main] o.s.b.a.h2.H2ConsoleAutoConfiguration    : H2 console available at '/h2-console'. Database available at 'jdbc:h2:mem:devdb'
2025-05-21T21:57:12.789-03:00  INFO 8880 --- [desafio-picpay-backend] [main] o.s.b.w.embedded.tomcat.TomcatWebServer  : Tomcat started on port 8080 (http) with context path '/'
2025-05-21T21:57:12.871-03:00  INFO 8880 --- [desafio-picpay-backend] [main] o.s.b.w.embedded.tomcat.TomcatWebServer  : Tomcat initialized with port 9090 (http)
2025-05-21T21:57:12.872-03:00  INFO 8880 --- [desafio-picpay-backend] [main] o.apache.catalina.core.StandardService   : Starting service [Tomcat]
2025-05-21T21:57:12.872-03:00  INFO 8880 --- [desafio-picpay-backend] [main] o.apache.catalina.core.StandardEngine    : Starting Servlet engine: [Apache Tomcat/10.1.40]
2025-05-21T21:57:12.900-03:00  INFO 8880 --- [desafio-picpay-backend] [main] o.a.c.c.C.[Tomcat-1].[localhost].[/]     : Initializing Spring embedded WebApplicationContext
2025-05-21T21:57:12.901-03:00  INFO 8880 --- [desafio-picpay-backend] [main] w.s.c.ServletWebServerApplicationContext : Root WebApplicationContext: initialization completed in 108 ms
2025-05-21T21:57:12.917-03:00  INFO 8880 --- [desafio-picpay-backend] [main] o.s.b.a.e.web.EndpointLinksResolver      : Exposing 15 endpoints beneath base path '/actuator'
2025-05-21T21:57:12.973-03:00  INFO 8880 --- [desafio-picpay-backend] [main] o.s.b.w.embedded.tomcat.TomcatWebServer  : Tomcat started on port 9090 (http) with context path '/'
2025-05-21T21:57:12.988-03:00  INFO 8880 --- [desafio-picpay-backend] [main] i.g.a.d.DesafioPicpayBackendApplication  : Started DesafioPicpayBackendApplication in 7.421 seconds (process running for 8.034)
2025-05-21T21:58:24.094-03:00  INFO 8880 --- [desafio-picpay-backend] [SpringApplicationShutdownHook] o.s.b.w.e.tomcat.GracefulShutdown        : Commencing graceful shutdown. Waiting for active requests to complete
2025-05-21T21:58:24.102-03:00  INFO 8880 --- [desafio-picpay-backend] [tomcat-shutdown] o.s.b.w.e.tomcat.GracefulShutdown        : Graceful shutdown complete
2025-05-21T21:58:24.102-03:00  INFO 8880 --- [desafio-picpay-backend] [SpringApplicationShutdownHook] o.s.b.w.e.tomcat.GracefulShutdown        : Commencing graceful shutdown. Waiting for active requests to complete
2025-05-21T21:58:24.108-03:00  INFO 8880 --- [desafio-picpay-backend] [tomcat-shutdown] o.s.b.w.e.tomcat.GracefulShutdown        : Graceful shutdown complete
2025-05-21T21:58:24.122-03:00  INFO 8880 --- [desafio-picpay-backend] [SpringApplicationShutdownHook] j.LocalContainerEntityManagerFactoryBean : Closing JPA EntityManagerFactory for persistence unit 'default'
2025-05-21T21:58:24.125-03:00  INFO 8880 --- [desafio-picpay-backend] [SpringApplicationShutdownHook] com.zaxxer.hikari.HikariDataSource       : HikariPool-1 - Shutdown initiated...
2025-05-21T21:58:24.134-03:00  INFO 8880 --- [desafio-picpay-backend] [SpringApplicationShutdownHook] com.zaxxer.hikari.HikariDataSource       : HikariPool-1 - Shutdown completed.
2025-05-21T21:58:49.592-03:00  INFO 3508 --- [desafio-picpay-backend] [main] i.g.a.d.DesafioPicpayBackendApplication  : Starting DesafioPicpayBackendApplication using Java 23.0.2 with PID 3508 (C:\Users\ghost\Desktop\desafio-picpay-backend\target\classes started by ghost in C:\Users\ghost\Desktop\desafio-picpay-backend)
2025-05-21T21:58:49.594-03:00  INFO 3508 --- [desafio-picpay-backend] [main] i.g.a.d.DesafioPicpayBackendApplication  : No active profile set, falling back to 1 default profile: "default"
2025-05-21T21:58:51.147-03:00  INFO 3508 --- [desafio-picpay-backend] [main] .s.d.r.c.RepositoryConfigurationDelegate : Bootstrapping Spring Data JPA repositories in DEFAULT mode.
2025-05-21T21:58:51.215-03:00  INFO 3508 --- [desafio-picpay-backend] [main] .s.d.r.c.RepositoryConfigurationDelegate : Finished Spring Data repository scanning in 59 ms. Found 3 JPA repository interfaces.
2025-05-21T21:58:52.090-03:00  INFO 3508 --- [desafio-picpay-backend] [main] o.s.b.w.embedded.tomcat.TomcatWebServer  : Tomcat initialized with port 8080 (http)
2025-05-21T21:58:52.110-03:00  INFO 3508 --- [desafio-picpay-backend] [main] o.apache.catalina.core.StandardService   : Starting service [Tomcat]
2025-05-21T21:58:52.111-03:00  INFO 3508 --- [desafio-picpay-backend] [main] o.apache.catalina.core.StandardEngine    : Starting Servlet engine: [Apache Tomcat/10.1.40]
2025-05-21T21:58:52.181-03:00  INFO 3508 --- [desafio-picpay-backend] [main] o.a.c.c.C.[Tomcat].[localhost].[/]       : Initializing Spring embedded WebApplicationContext
2025-05-21T21:58:52.182-03:00  INFO 3508 --- [desafio-picpay-backend] [main] w.s.c.ServletWebServerApplicationContext : Root WebApplicationContext: initialization completed in 2522 ms
2025-05-21T21:58:52.510-03:00  INFO 3508 --- [desafio-picpay-backend] [main] o.hibernate.jpa.internal.util.LogHelper  : HHH000204: Processing PersistenceUnitInfo [name: default]
2025-05-21T21:58:52.582-03:00  INFO 3508 --- [desafio-picpay-backend] [main] org.hibernate.Version                    : HHH000412: Hibernate ORM core version 6.6.13.Final
2025-05-21T21:58:52.623-03:00  INFO 3508 --- [desafio-picpay-backend] [main] o.h.c.internal.RegionFactoryInitiator    : HHH000026: Second-level cache disabled
2025-05-21T21:58:52.943-03:00  INFO 3508 --- [desafio-picpay-backend] [main] o.s.o.j.p.SpringPersistenceUnitInfo      : No LoadTimeWeaver setup: ignoring JPA class transformer
2025-05-21T21:58:52.976-03:00  INFO 3508 --- [desafio-picpay-backend] [main] com.zaxxer.hikari.HikariDataSource       : HikariPool-1 - Starting...
2025-05-21T21:58:53.147-03:00  INFO 3508 --- [desafio-picpay-backend] [main] com.zaxxer.hikari.pool.HikariPool        : HikariPool-1 - Added connection conn0: url=jdbc:h2:mem:devdb user=SA
2025-05-21T21:58:53.149-03:00  INFO 3508 --- [desafio-picpay-backend] [main] com.zaxxer.hikari.HikariDataSource       : HikariPool-1 - Start completed.
2025-05-21T21:58:53.174-03:00  WARN 3508 --- [desafio-picpay-backend] [main] org.hibernate.orm.deprecation            : HHH90000025: H2Dialect does not need to be specified explicitly using 'hibernate.dialect' (remove the property setting and it will be selected by default)
2025-05-21T21:58:53.197-03:00  INFO 3508 --- [desafio-picpay-backend] [main] org.hibernate.orm.connections.pooling    : HHH10001005: Database info:
	Database JDBC URL [Connecting through datasource 'HikariDataSource (HikariPool-1)']
	Database driver: undefined/unknown
	Database version: 2.3.232
	Autocommit mode: undefined/unknown
	Isolation level: undefined/unknown
	Minimum pool size: undefined/unknown
	Maximum pool size: undefined/unknown
2025-05-21T21:58:53.997-03:00  INFO 3508 --- [desafio-picpay-backend] [main] o.h.m.i.EntityInstantiatorPojoStandard   : HHH000182: No default (no-argument) constructor for class: io.github.alancavalcante_dev.desafio_picpay_backend.domain.Transaction (class must be instantiated by Interceptor)
2025-05-21T21:58:54.036-03:00  INFO 3508 --- [desafio-picpay-backend] [main] o.h.m.i.EntityInstantiatorPojoStandard   : HHH000182: No default (no-argument) constructor for class: io.github.alancavalcante_dev.desafio_picpay_backend.domain.TransactionNotificationError (class must be instantiated by Interceptor)
2025-05-21T21:58:54.234-03:00  INFO 3508 --- [desafio-picpay-backend] [main] o.h.e.t.j.p.i.JtaPlatformInitiator       : HHH000489: No JTA platform available (set 'hibernate.transaction.jta.platform' to enable JTA platform integration)
2025-05-21T21:58:54.303-03:00  INFO 3508 --- [desafio-picpay-backend] [main] j.LocalContainerEntityManagerFactoryBean : Initialized JPA EntityManagerFactory for persistence unit 'default'
2025-05-21T21:58:54.925-03:00  WARN 3508 --- [desafio-picpay-backend] [main] JpaBaseConfiguration$JpaWebConfiguration : spring.jpa.open-in-view is enabled by default. Therefore, database queries may be performed during view rendering. Explicitly configure spring.jpa.open-in-view to disable this warning
2025-05-21T21:58:55.819-03:00  INFO 3508 --- [desafio-picpay-backend] [main] o.s.b.a.h2.H2ConsoleAutoConfiguration    : H2 console available at '/h2-console'. Database available at 'jdbc:h2:mem:devdb'
2025-05-21T21:58:55.989-03:00  INFO 3508 --- [desafio-picpay-backend] [main] o.s.b.w.embedded.tomcat.TomcatWebServer  : Tomcat started on port 8080 (http) with context path '/'
2025-05-21T21:58:56.091-03:00  INFO 3508 --- [desafio-picpay-backend] [main] o.s.b.w.embedded.tomcat.TomcatWebServer  : Tomcat initialized with port 9090 (http)
2025-05-21T21:58:56.092-03:00  INFO 3508 --- [desafio-picpay-backend] [main] o.apache.catalina.core.StandardService   : Starting service [Tomcat]
2025-05-21T21:58:56.092-03:00  INFO 3508 --- [desafio-picpay-backend] [main] o.apache.catalina.core.StandardEngine    : Starting Servlet engine: [Apache Tomcat/10.1.40]
2025-05-21T21:58:56.120-03:00  INFO 3508 --- [desafio-picpay-backend] [main] o.a.c.c.C.[Tomcat-1].[localhost].[/]     : Initializing Spring embedded WebApplicationContext
2025-05-21T21:58:56.121-03:00  INFO 3508 --- [desafio-picpay-backend] [main] w.s.c.ServletWebServerApplicationContext : Root WebApplicationContext: initialization completed in 127 ms
2025-05-21T21:58:56.134-03:00  INFO 3508 --- [desafio-picpay-backend] [main] o.s.b.a.e.web.EndpointLinksResolver      : Exposing 15 endpoints beneath base path '/actuator'
2025-05-21T21:58:56.177-03:00  INFO 3508 --- [desafio-picpay-backend] [main] o.s.b.w.embedded.tomcat.TomcatWebServer  : Tomcat started on port 9090 (http) with context path '/'
2025-05-21T21:58:56.193-03:00  INFO 3508 --- [desafio-picpay-backend] [main] i.g.a.d.DesafioPicpayBackendApplication  : Started DesafioPicpayBackendApplication in 7.242 seconds (process running for 7.672)
2025-05-21T22:12:47.836-03:00  INFO 3508 --- [desafio-picpay-backend] [SpringApplicationShutdownHook] o.s.b.w.e.tomcat.GracefulShutdown        : Commencing graceful shutdown. Waiting for active requests to complete
2025-05-21T22:12:47.846-03:00  INFO 3508 --- [desafio-picpay-backend] [tomcat-shutdown] o.s.b.w.e.tomcat.GracefulShutdown        : Graceful shutdown complete
2025-05-21T22:12:47.846-03:00  INFO 3508 --- [desafio-picpay-backend] [SpringApplicationShutdownHook] o.s.b.w.e.tomcat.GracefulShutdown        : Commencing graceful shutdown. Waiting for active requests to complete
2025-05-21T22:12:47.852-03:00  INFO 3508 --- [desafio-picpay-backend] [tomcat-shutdown] o.s.b.w.e.tomcat.GracefulShutdown        : Graceful shutdown complete
2025-05-21T22:12:47.886-03:00  INFO 3508 --- [desafio-picpay-backend] [SpringApplicationShutdownHook] j.LocalContainerEntityManagerFactoryBean : Closing JPA EntityManagerFactory for persistence unit 'default'
2025-05-21T22:12:47.889-03:00  INFO 3508 --- [desafio-picpay-backend] [SpringApplicationShutdownHook] com.zaxxer.hikari.HikariDataSource       : HikariPool-1 - Shutdown initiated...
2025-05-21T22:12:47.892-03:00  INFO 3508 --- [desafio-picpay-backend] [SpringApplicationShutdownHook] com.zaxxer.hikari.HikariDataSource       : HikariPool-1 - Shutdown completed.
2025-05-21T22:28:24.648-03:00  INFO 12560 --- [desafio-picpay-backend] [main] i.g.a.d.DesafioPicpayBackendApplication  : Starting DesafioPicpayBackendApplication using Java 23.0.2 with PID 12560 (C:\Users\ghost\Desktop\desafio-picpay-backend\target\classes started by ghost in C:\Users\ghost\Desktop\desafio-picpay-backend)
2025-05-21T22:28:24.651-03:00  INFO 12560 --- [desafio-picpay-backend] [main] i.g.a.d.DesafioPicpayBackendApplication  : No active profile set, falling back to 1 default profile: "default"
2025-05-21T22:28:25.972-03:00  INFO 12560 --- [desafio-picpay-backend] [main] .s.d.r.c.RepositoryConfigurationDelegate : Bootstrapping Spring Data JPA repositories in DEFAULT mode.
2025-05-21T22:28:26.036-03:00  INFO 12560 --- [desafio-picpay-backend] [main] .s.d.r.c.RepositoryConfigurationDelegate : Finished Spring Data repository scanning in 52 ms. Found 3 JPA repository interfaces.
2025-05-21T22:28:26.817-03:00  INFO 12560 --- [desafio-picpay-backend] [main] o.s.b.w.embedded.tomcat.TomcatWebServer  : Tomcat initialized with port 8080 (http)
2025-05-21T22:28:26.833-03:00  INFO 12560 --- [desafio-picpay-backend] [main] o.apache.catalina.core.StandardService   : Starting service [Tomcat]
2025-05-21T22:28:26.833-03:00  INFO 12560 --- [desafio-picpay-backend] [main] o.apache.catalina.core.StandardEngine    : Starting Servlet engine: [Apache Tomcat/10.1.40]
2025-05-21T22:28:26.898-03:00  INFO 12560 --- [desafio-picpay-backend] [main] o.a.c.c.C.[Tomcat].[localhost].[/]       : Initializing Spring embedded WebApplicationContext
2025-05-21T22:28:26.899-03:00  INFO 12560 --- [desafio-picpay-backend] [main] w.s.c.ServletWebServerApplicationContext : Root WebApplicationContext: initialization completed in 2187 ms
2025-05-21T22:28:27.067-03:00  INFO 12560 --- [desafio-picpay-backend] [main] com.zaxxer.hikari.HikariDataSource       : HikariPool-1 - Starting...
2025-05-21T22:28:27.077-03:00  INFO 12560 --- [desafio-picpay-backend] [main] com.zaxxer.hikari.HikariDataSource       : HikariPool-1 - Start completed.
2025-05-21T22:28:27.178-03:00  INFO 12560 --- [desafio-picpay-backend] [main] o.hibernate.jpa.internal.util.LogHelper  : HHH000204: Processing PersistenceUnitInfo [name: default]
2025-05-21T22:28:27.232-03:00  INFO 12560 --- [desafio-picpay-backend] [main] org.hibernate.Version                    : HHH000412: Hibernate ORM core version 6.6.13.Final
2025-05-21T22:28:27.277-03:00  INFO 12560 --- [desafio-picpay-backend] [main] o.h.c.internal.RegionFactoryInitiator    : HHH000026: Second-level cache disabled
2025-05-21T22:28:27.611-03:00  INFO 12560 --- [desafio-picpay-backend] [main] o.s.o.j.p.SpringPersistenceUnitInfo      : No LoadTimeWeaver setup: ignoring JPA class transformer
2025-05-21T22:28:27.671-03:00  WARN 12560 --- [desafio-picpay-backend] [main] org.hibernate.orm.deprecation            : HHH90000025: H2Dialect does not need to be specified explicitly using 'hibernate.dialect' (remove the property setting and it will be selected by default)
2025-05-21T22:28:27.694-03:00  INFO 12560 --- [desafio-picpay-backend] [main] org.hibernate.orm.connections.pooling    : HHH10001005: Database info:
	Database JDBC URL [Connecting through datasource 'HikariDataSource (HikariPool-1)']
	Database driver: undefined/unknown
	Database version: 2.3.232
	Autocommit mode: undefined/unknown
	Isolation level: undefined/unknown
	Minimum pool size: undefined/unknown
	Maximum pool size: undefined/unknown
2025-05-21T22:28:28.549-03:00  INFO 12560 --- [desafio-picpay-backend] [main] o.h.m.i.EntityInstantiatorPojoStandard   : HHH000182: No default (no-argument) constructor for class: io.github.alancavalcante_dev.desafio_picpay_backend.domain.Transaction (class must be instantiated by Interceptor)
2025-05-21T22:28:28.583-03:00  INFO 12560 --- [desafio-picpay-backend] [main] o.h.m.i.EntityInstantiatorPojoStandard   : HHH000182: No default (no-argument) constructor for class: io.github.alancavalcante_dev.desafio_picpay_backend.domain.TransactionNotificationError (class must be instantiated by Interceptor)
2025-05-21T22:28:28.779-03:00  INFO 12560 --- [desafio-picpay-backend] [main] o.h.e.t.j.p.i.JtaPlatformInitiator       : HHH000489: No JTA platform available (set 'hibernate.transaction.jta.platform' to enable JTA platform integration)
2025-05-21T22:28:28.845-03:00  INFO 12560 --- [desafio-picpay-backend] [main] j.LocalContainerEntityManagerFactoryBean : Initialized JPA EntityManagerFactory for persistence unit 'default'
2025-05-21T22:28:29.473-03:00  WARN 12560 --- [desafio-picpay-backend] [main] JpaBaseConfiguration$JpaWebConfiguration : spring.jpa.open-in-view is enabled by default. Therefore, database queries may be performed during view rendering. Explicitly configure spring.jpa.open-in-view to disable this warning
2025-05-21T22:28:30.241-03:00  INFO 12560 --- [desafio-picpay-backend] [main] o.s.b.a.h2.H2ConsoleAutoConfiguration    : H2 console available at '/h2-console'. Database available at 'jdbc:h2:mem:devdb'
2025-05-21T22:28:30.349-03:00  INFO 12560 --- [desafio-picpay-backend] [main] o.s.b.w.embedded.tomcat.TomcatWebServer  : Tomcat started on port 8080 (http) with context path '/'
2025-05-21T22:28:30.418-03:00  INFO 12560 --- [desafio-picpay-backend] [main] o.s.b.w.embedded.tomcat.TomcatWebServer  : Tomcat initialized with port 9090 (http)
2025-05-21T22:28:30.419-03:00  INFO 12560 --- [desafio-picpay-backend] [main] o.apache.catalina.core.StandardService   : Starting service [Tomcat]
2025-05-21T22:28:30.419-03:00  INFO 12560 --- [desafio-picpay-backend] [main] o.apache.catalina.core.StandardEngine    : Starting Servlet engine: [Apache Tomcat/10.1.40]
2025-05-21T22:28:30.442-03:00  INFO 12560 --- [desafio-picpay-backend] [main] o.a.c.c.C.[Tomcat-1].[localhost].[/]     : Initializing Spring embedded WebApplicationContext
2025-05-21T22:28:30.443-03:00  INFO 12560 --- [desafio-picpay-backend] [main] w.s.c.ServletWebServerApplicationContext : Root WebApplicationContext: initialization completed in 90 ms
2025-05-21T22:28:30.461-03:00  INFO 12560 --- [desafio-picpay-backend] [main] o.s.b.a.e.web.EndpointLinksResolver      : Exposing 15 endpoints beneath base path '/actuator'
2025-05-21T22:28:30.523-03:00  INFO 12560 --- [desafio-picpay-backend] [main] o.s.b.w.embedded.tomcat.TomcatWebServer  : Tomcat started on port 9090 (http) with context path '/'
2025-05-21T22:28:30.537-03:00  INFO 12560 --- [desafio-picpay-backend] [main] i.g.a.d.DesafioPicpayBackendApplication  : Started DesafioPicpayBackendApplication in 6.435 seconds (process running for 6.86)
2025-05-21T22:39:27.164-03:00  INFO 12560 --- [desafio-picpay-backend] [SpringApplicationShutdownHook] o.s.b.w.e.tomcat.GracefulShutdown        : Commencing graceful shutdown. Waiting for active requests to complete
2025-05-21T22:39:27.174-03:00  INFO 12560 --- [desafio-picpay-backend] [tomcat-shutdown] o.s.b.w.e.tomcat.GracefulShutdown        : Graceful shutdown complete
2025-05-21T22:39:27.175-03:00  INFO 12560 --- [desafio-picpay-backend] [SpringApplicationShutdownHook] o.s.b.w.e.tomcat.GracefulShutdown        : Commencing graceful shutdown. Waiting for active requests to complete
2025-05-21T22:39:27.181-03:00  INFO 12560 --- [desafio-picpay-backend] [tomcat-shutdown] o.s.b.w.e.tomcat.GracefulShutdown        : Graceful shutdown complete
2025-05-21T22:39:27.191-03:00  INFO 12560 --- [desafio-picpay-backend] [SpringApplicationShutdownHook] j.LocalContainerEntityManagerFactoryBean : Closing JPA EntityManagerFactory for persistence unit 'default'
2025-05-21T22:39:27.193-03:00  INFO 12560 --- [desafio-picpay-backend] [SpringApplicationShutdownHook] com.zaxxer.hikari.HikariDataSource       : HikariPool-1 - Shutdown initiated...
2025-05-21T22:39:27.195-03:00  INFO 12560 --- [desafio-picpay-backend] [SpringApplicationShutdownHook] com.zaxxer.hikari.HikariDataSource       : HikariPool-1 - Shutdown completed.
